/*C3*/SET SCHEMA PUBLIC
INSERT INTO AUTHOR VALUES(29,'\u0439\u0446','\u0439\u0446','\u0439\u0446')
ALTER SEQUENCE PUBLIC.HIBERNATE_SEQUENCE RESTART WITH 30
COMMIT
DELETE FROM AUTHOR WHERE ID=29
INSERT INTO AUTHOR VALUES(29,'\u0439\u0446\u0439','\u0439\u0446','\u0439\u0446')
COMMIT
DELETE FROM AUTHOR WHERE ID=29
COMMIT
INSERT INTO GENRE VALUES(30,'\u0439\u0446')
ALTER SEQUENCE PUBLIC.HIBERNATE_SEQUENCE RESTART WITH 31
COMMIT
DELETE FROM GENRE WHERE ID=30
COMMIT
INSERT INTO GENRE VALUES(31,'\u0439\u0446')
ALTER SEQUENCE PUBLIC.HIBERNATE_SEQUENCE RESTART WITH 32
COMMIT
DELETE FROM GENRE WHERE ID=31
INSERT INTO GENRE VALUES(31,'\u0439\u0446\u0439\u0446\u0439')
COMMIT
DELETE FROM GENRE WHERE ID=31
COMMIT
